Determining if the pthread_create exist failed with the following output:
Change Dir: /home/guillaume/roscode/catkin_ws/src/peg_in_hole_project/peg_hole_kuka/build/CMakeFiles/CMakeTmp

Run Build Command:/usr/bin/make "cmTryCompileExec1915659015/fast"
/usr/bin/make -f CMakeFiles/cmTryCompileExec1915659015.dir/build.make CMakeFiles/cmTryCompileExec1915659015.dir/build
make[1]: Entering directory `/home/guillaume/roscode/catkin_ws/src/peg_in_hole_project/peg_hole_kuka/build/CMakeFiles/CMakeTmp'
/usr/bin/cmake -E cmake_progress_report /home/guillaume/roscode/catkin_ws/src/peg_in_hole_project/peg_hole_kuka/build/CMakeFiles/CMakeTmp/CMakeFiles 1
Building C object CMakeFiles/cmTryCompileExec1915659015.dir/CheckSymbolExists.c.o
/usr/bin/cc    -o CMakeFiles/cmTryCompileExec1915659015.dir/CheckSymbolExists.c.o   -c /home/guillaume/roscode/catkin_ws/src/peg_in_hole_project/peg_hole_kuka/build/CMakeFiles/CMakeTmp/CheckSymbolExists.c
Linking C executable cmTryCompileExec1915659015
/usr/bin/cmake -E cmake_link_script CMakeFiles/cmTryCompileExec1915659015.dir/link.txt --verbose=1
/usr/bin/cc       CMakeFiles/cmTryCompileExec1915659015.dir/CheckSymbolExists.c.o  -o cmTryCompileExec1915659015 -rdynamic 
CMakeFiles/cmTryCompileExec1915659015.dir/CheckSymbolExists.c.o: In function `main':
CheckSymbolExists.c:(.text+0x16): undefined reference to `pthread_create'
collect2: error: ld returned 1 exit status
make[1]: *** [cmTryCompileExec1915659015] Error 1
make[1]: Leaving directory `/home/guillaume/roscode/catkin_ws/src/peg_in_hole_project/peg_hole_kuka/build/CMakeFiles/CMakeTmp'
make: *** [cmTryCompileExec1915659015/fast] Error 2

File /home/guillaume/roscode/catkin_ws/src/peg_in_hole_project/peg_hole_kuka/build/CMakeFiles/CMakeTmp/CheckSymbolExists.c:
/* */
#include <pthread.h>

int main(int argc, char** argv)
{
  (void)argv;
#ifndef pthread_create
  return ((int*)(&pthread_create))[argc];
#else
  (void)argc;
  return 0;
#endif
}

Determining if the function pthread_create exists in the pthreads failed with the following output:
Change Dir: /home/guillaume/roscode/catkin_ws/src/peg_in_hole_project/peg_hole_kuka/build/CMakeFiles/CMakeTmp

Run Build Command:/usr/bin/make "cmTryCompileExec3062718478/fast"
/usr/bin/make -f CMakeFiles/cmTryCompileExec3062718478.dir/build.make CMakeFiles/cmTryCompileExec3062718478.dir/build
make[1]: Entering directory `/home/guillaume/roscode/catkin_ws/src/peg_in_hole_project/peg_hole_kuka/build/CMakeFiles/CMakeTmp'
/usr/bin/cmake -E cmake_progress_report /home/guillaume/roscode/catkin_ws/src/peg_in_hole_project/peg_hole_kuka/build/CMakeFiles/CMakeTmp/CMakeFiles 1
Building C object CMakeFiles/cmTryCompileExec3062718478.dir/CheckFunctionExists.c.o
/usr/bin/cc   -DCHECK_FUNCTION_EXISTS=pthread_create   -o CMakeFiles/cmTryCompileExec3062718478.dir/CheckFunctionExists.c.o   -c /usr/share/cmake-2.8/Modules/CheckFunctionExists.c
Linking C executable cmTryCompileExec3062718478
/usr/bin/cmake -E cmake_link_script CMakeFiles/cmTryCompileExec3062718478.dir/link.txt --verbose=1
/usr/bin/cc   -DCHECK_FUNCTION_EXISTS=pthread_create    CMakeFiles/cmTryCompileExec3062718478.dir/CheckFunctionExists.c.o  -o cmTryCompileExec3062718478 -rdynamic -lpthreads 
/usr/bin/ld: cannot find -lpthreads
collect2: error: ld returned 1 exit status
make[1]: *** [cmTryCompileExec3062718478] Error 1
make[1]: Leaving directory `/home/guillaume/roscode/catkin_ws/src/peg_in_hole_project/peg_hole_kuka/build/CMakeFiles/CMakeTmp'
make: *** [cmTryCompileExec3062718478/fast] Error 2


